<?xml version="1.0" encoding="UTF-8"?>
<!-- Generated by org.testng.reporters.JUnitReportReporter -->
<testsuite hostname="STFMXC1617" failures="0" tests="1" name="com.projectName.bookingTestScripts.TC001_TestPOST" time="1.278" errors="0" timestamp="2022-04-01T14:17:58 CST" skipped="0">
  <testcase classname="com.projectName.bookingTestScripts.TC001_TestPOST" name="createNewBook" time="1.278"/>
  <system-out/>
</testsuite> <!-- com.projectName.bookingTestScripts.TC001_TestPOST -->
