<?xml version="1.0" encoding="UTF-8"?>
<!-- Generated by org.testng.reporters.JUnitReportReporter -->
<testsuite hostname="STFMXC1617" failures="0" tests="2" name="com.projectName.reqRes.TC001_ValidatePOST" time="2.244" errors="0" timestamp="2022-04-04T14:25:13 CDT" skipped="0">
  <testcase classname="com.projectName.reqRes.TC001_ValidatePOST" name="validateRegisterToken" time="0.465"/>
  <system-out/>
  <testcase classname="com.projectName.reqRes.TC001_ValidatePOST" name="getSingleUser" time="1.779"/>
  <system-out/>
</testsuite> <!-- com.projectName.reqRes.TC001_ValidatePOST -->
