<?xml version="1.0" encoding="UTF-8"?>
<!-- Generated by org.testng.reporters.JUnitReportReporter -->
<testsuite hostname="STFMXC1617" failures="0" tests="1" name="com.projectName.basicTestScripts.Test000_SimpleTest" time="2.382" errors="0" timestamp="2022-03-23T10:58:41 CST" skipped="0">
  <testcase classname="com.projectName.basicTestScripts.Test000_SimpleTest" name="test01" time="2.382"/>
  <system-out/>
</testsuite> <!-- com.projectName.basicTestScripts.Test000_SimpleTest -->
