<?xml version="1.0" encoding="UTF-8"?>
<!-- Generated by org.testng.reporters.JUnitReportReporter -->
<testsuite hostname="STFMXC1617" failures="0" tests="1" name="com.projectName.marsPhotos.testScripts.TestMarsPhotos" time="1.725" errors="0" timestamp="2022-03-25T14:39:57 CST" skipped="0">
  <testcase classname="com.projectName.marsPhotos.testScripts.TestMarsPhotos" name="validateCResponseTime" time="1.725"/>
  <system-out/>
</testsuite> <!-- com.projectName.marsPhotos.testScripts.TestMarsPhotos -->
