<?xml version="1.0" encoding="UTF-8"?>
<!-- Generated by org.testng.reporters.JUnitReportReporter -->
<testsuite hostname="STFMXC1617" failures="0" tests="1" name="com.projectName.testScripts.TestStreams" time="1.776" errors="0" timestamp="2022-03-25T13:39:56 CST" skipped="0">
  <testcase classname="com.projectName.testScripts.TestStreams" name="streamsGetTopTenPhotos" time="1.776"/>
  <system-out/>
</testsuite> <!-- com.projectName.testScripts.TestStreams -->
