<?xml version="1.0" encoding="UTF-8"?>
<!-- Generated by org.testng.reporters.JUnitReportReporter -->
<testsuite hostname="STFMXC1617" failures="0" tests="1" name="com.projectName.testScripts.TestMarsPhotos" time="2.328" errors="0" timestamp="2022-03-24T16:01:10 CST" skipped="0">
  <testcase classname="com.projectName.testScripts.TestMarsPhotos" name="validateJSONSchema" time="2.328"/>
  <system-out/>
</testsuite> <!-- com.projectName.testScripts.TestMarsPhotos -->
